<?xml version="1.0" encoding="UTF-8"?>
<testsuite name="ie.ncirl.student.x15015556.signinexampleg.ExampleUnitTest" tests="1" skipped="0" failures="0" errors="0" timestamp="2021-04-20T12:18:36" hostname="STULAP-2984" time="0.003">
  <properties/>
  <testcase name="addition_isCorrect" classname="ie.ncirl.student.x15015556.signinexampleg.ExampleUnitTest" time="0.003"/>
  <system-out><![CDATA[]]></system-out>
  <system-err><![CDATA[]]></system-err>
</testsuite>
